{
  "className": "by.pvt.controller.signUpController.SignUpControllerTest",
  "name": "Sign Up Controller",
  "scenarios": [
    {
      "className": "by.pvt.controller.signUpController.SignUpControllerTest",
      "testMethodName": "showDevices",
      "description": "Show devices",
      "tagIds": [],
      "explicitParameters": [],
      "derivedParameters": [],
      "casesAsTable": false,
      "scenarioCases": [
        {
          "caseNr": 1,
          "steps": [
            {
              "name": "web application",
              "words": [
                {
                  "value": "Given",
                  "isIntroWord": true
                },
                {
                  "value": "web application"
                },
                {
                  "value": "org.springframework.web.context.support.GenericWebApplicationContext@61001b64, started on Sun Nov 03 23:19:06 EET 2019",
                  "argumentInfo": {
                    "argumentName": "wac",
                    "formattedValue": "org.springframework.web.context.support.GenericWebApplicationContext@61001b64, started on Sun Nov 03 23:19:06 EET 2019"
                  }
                }
              ],
              "status": "PASSED",
              "durationInNanos": 35385108
            },
            {
              "name": "before",
              "words": [
                {
                  "value": "before"
                },
                {
                  "value": "UserSignUpCmd(name\u003dvitaly, login\u003dlogin, password\u003dpassword, repeatPassword\u003dpassword)",
                  "argumentInfo": {
                    "argumentName": "user",
                    "formattedValue": "UserSignUpCmd(name\u003dvitaly, login\u003dlogin, password\u003dpassword, repeatPassword\u003dpassword)"
                  }
                }
              ],
              "status": "PASSED",
              "durationInNanos": 185250688
            },
            {
              "name": "execute",
              "words": [
                {
                  "value": "When",
                  "isIntroWord": true
                },
                {
                  "value": "execute"
                }
              ],
              "status": "PASSED",
              "durationInNanos": 684227228
            },
            {
              "name": "result",
              "words": [
                {
                  "value": "Then",
                  "isIntroWord": true
                },
                {
                  "value": "result"
                },
                {
                  "value": "signIn",
                  "argumentInfo": {
                    "argumentName": "viewName",
                    "formattedValue": "signIn"
                  }
                }
              ],
              "status": "FAILED",
              "durationInNanos": 78847788
            }
          ],
          "explicitArguments": [],
          "derivedArguments": [],
          "status": "FAILED",
          "success": false,
          "errorMessage": "org.junit.ComparisonFailure: expected:\u003csign[In]\u003e but was:\u003csign[Up]\u003e",
          "stackTrace": [
            "org.junit.Assert.assertEquals(Assert.java:115)",
            "org.junit.Assert.assertEquals(Assert.java:144)",
            "by.pvt.controller.signUpController.given.ThenSignUp.result(ThenSignUp.java:19)",
            "by.pvt.controller.signUpController.given.ThenSignUp$ByteBuddy$0Q4aFpVb.result$accessor$fOPOPj2N(Unknown Source)",
            "by.pvt.controller.signUpController.given.ThenSignUp$ByteBuddy$0Q4aFpVb$auxiliary$eTLnYYut.call(Unknown Source)",
            "by.pvt.controller.signUpController.given.ThenSignUp$ByteBuddy$0Q4aFpVb.result(Unknown Source)",
            "by.pvt.controller.signUpController.SignUpControllerTest.showDevices(SignUpControllerTest.java:34)",
            "java.base/jdk.internal.reflect.NativeMethodAccessorImpl.invoke0(Native Method)",
            "java.base/jdk.internal.reflect.NativeMethodAccessorImpl.invoke(NativeMethodAccessorImpl.java:62)",
            "java.base/jdk.internal.reflect.DelegatingMethodAccessorImpl.invoke(DelegatingMethodAccessorImpl.java:43)",
            "org.junit.runners.model.FrameworkMethod$1.runReflectiveCall(FrameworkMethod.java:50)",
            "org.junit.internal.runners.model.ReflectiveCallable.run(ReflectiveCallable.java:12)",
            "org.junit.runners.model.FrameworkMethod.invokeExplosively(FrameworkMethod.java:47)",
            "org.junit.internal.runners.statements.InvokeMethod.evaluate(InvokeMethod.java:17)",
            "org.springframework.test.context.junit4.statements.RunBeforeTestExecutionCallbacks.evaluate(RunBeforeTestExecutionCallbacks.java:74)",
            "org.springframework.test.context.junit4.statements.RunAfterTestExecutionCallbacks.evaluate(RunAfterTestExecutionCallbacks.java:84)",
            "org.springframework.test.context.junit4.statements.RunBeforeTestMethodCallbacks.evaluate(RunBeforeTestMethodCallbacks.java:75)",
            "org.springframework.test.context.junit4.statements.RunAfterTestMethodCallbacks.evaluate(RunAfterTestMethodCallbacks.java:86)",
            "com.tngtech.jgiven.junit.JGivenMethodRule$1.evaluate(JGivenMethodRule.java:73)",
            "org.springframework.test.context.junit4.statements.SpringRepeat.evaluate(SpringRepeat.java:84)",
            "org.junit.runners.ParentRunner.runLeaf(ParentRunner.java:325)",
            "org.springframework.test.context.junit4.SpringJUnit4ClassRunner.runChild(SpringJUnit4ClassRunner.java:251)",
            "org.springframework.test.context.junit4.SpringJUnit4ClassRunner.runChild(SpringJUnit4ClassRunner.java:97)",
            "org.junit.runners.ParentRunner$3.run(ParentRunner.java:290)",
            "org.junit.runners.ParentRunner$1.schedule(ParentRunner.java:71)",
            "org.junit.runners.ParentRunner.runChildren(ParentRunner.java:288)",
            "org.junit.runners.ParentRunner.access$000(ParentRunner.java:58)",
            "org.junit.runners.ParentRunner$2.evaluate(ParentRunner.java:268)",
            "org.springframework.test.context.junit4.statements.RunBeforeTestClassCallbacks.evaluate(RunBeforeTestClassCallbacks.java:61)",
            "org.springframework.test.context.junit4.statements.RunAfterTestClassCallbacks.evaluate(RunAfterTestClassCallbacks.java:70)",
            "org.junit.rules.TestWatcher$1.evaluate(TestWatcher.java:55)",
            "org.junit.rules.RunRules.evaluate(RunRules.java:20)",
            "org.junit.runners.ParentRunner.run(ParentRunner.java:363)",
            "org.springframework.test.context.junit4.SpringJUnit4ClassRunner.run(SpringJUnit4ClassRunner.java:190)",
            "org.junit.runner.JUnitCore.run(JUnitCore.java:137)",
            "com.intellij.junit4.JUnit4IdeaTestRunner.startRunnerWithArgs(JUnit4IdeaTestRunner.java:68)",
            "com.intellij.rt.execution.junit.IdeaTestRunner$Repeater.startRunnerWithArgs(IdeaTestRunner.java:47)",
            "com.intellij.rt.execution.junit.JUnitStarter.prepareStreamsAndStart(JUnitStarter.java:242)",
            "com.intellij.rt.execution.junit.JUnitStarter.main(JUnitStarter.java:70)"
          ],
          "durationInNanos": 1662191894
        }
      ],
      "durationInNanos": 1662191894
    }
  ],
  "tagMap": {}
}